<?xml version="1.0" encoding="UTF-8"?>
<!-- Generated by org.testng.reporters.JUnitReportReporter -->
<testsuite hostname="LAPTOP-O2NLU0FG" failures="0" tests="2" name="test.EcommerceTest" time="79.515" errors="0" timestamp="2024-05-30T23:08:22 IST" skipped="0">
  <testcase classname="test.EcommerceTest" name="FillFormPositiveFlow" time="38.898"/>
  <testcase classname="test.EcommerceTest" name="FillFormPositiveFlow" time="40.617"/>
</testsuite> <!-- test.EcommerceTest -->
